# JRE version: Java(TM) SE Runtime Environment (8.0_101-b13) (build 1.8.0_101-b13)
# Java VM: Java HotSpot(TM) 64-Bit Server VM (25.101-b13 mixed mode windows-amd64 compressed oops)
Heap:
 PSYoungGen      total 312832K, used 150408K [0x000000076b500000, 0x0000000780f00000, 0x00000007c0000000)
  eden space 295424K, 45% used [0x000000076b500000,0x00000007736e7e18,0x000000077d580000)
  from space 17408K, 99% used [0x000000077ea00000,0x000000077fafa5b8,0x000000077fb00000)
  to   space 20992K, 0% used [0x000000077d580000,0x000000077d580000,0x000000077ea00000)
 ParOldGen       total 158720K, used 27213K [0x00000006c1e00000, 0x00000006cb900000, 0x000000076b500000)
  object space 158720K, 17% used [0x00000006c1e00000,0x00000006c38937e0,0x00000006cb900000)
 Metaspace       used 54563K, capacity 57252K, committed 57344K, reserved 1097728K
  class space    used 7608K, capacity 8153K, committed 8192K, reserved 1048576K
GC Heap History (10 events):
Event: 5.995 GC heap before
{Heap before GC invocations=8 (full 1):
 PSYoungGen      total 172032K, used 84125K [0x000000076b500000, 0x0000000779080000, 0x00000007c0000000)
  eden space 157696K, 45% used [0x000000076b500000,0x000000076fb1c5d8,0x0000000774f00000)
  from space 14336K, 86% used [0x0000000775e00000,0x0000000776a0af88,0x0000000776c00000)
  to   space 15360K, 0% used [0x0000000774f00000,0x0000000774f00000,0x0000000775e00000)
 ParOldGen       total 103424K, used 10066K [0x00000006c1e00000, 0x00000006c8300000, 0x000000076b500000)
  object space 103424K, 9% used [0x00000006c1e00000,0x00000006c27d4b80,0x00000006c8300000)
 Metaspace       used 34232K, capacity 35464K, committed 35496K, reserved 1079296K
  class space    used 4577K, capacity 4840K, committed 4864K, reserved 1048576K
Event: 6.006 GC heap after
Heap after GC invocations=8 (full 1):
 PSYoungGen      total 173056K, used 14935K [0x000000076b500000, 0x000000077ce00000, 0x00000007c0000000)
  eden space 157696K, 0% used [0x000000076b500000,0x000000076b500000,0x0000000774f00000)
  from space 15360K, 97% used [0x0000000774f00000,0x0000000775d95c50,0x0000000775e00000)
  to   space 17408K, 0% used [0x000000077bd00000,0x000000077bd00000,0x000000077ce00000)
 ParOldGen       total 103424K, used 10074K [0x00000006c1e00000, 0x00000006c8300000, 0x000000076b500000)
  object space 103424K, 9% used [0x00000006c1e00000,0x00000006c27d6b80,0x00000006c8300000)
 Metaspace       used 34232K, capacity 35464K, committed 35496K, reserved 1079296K
  class space    used 4577K, capacity 4840K, committed 4864K, reserved 1048576K
}
Event: 6.006 GC heap before
{Heap before GC invocations=9 (full 2):
 PSYoungGen      total 173056K, used 14935K [0x000000076b500000, 0x000000077ce00000, 0x00000007c0000000)
  eden space 157696K, 0% used [0x000000076b500000,0x000000076b500000,0x0000000774f00000)
  from space 15360K, 97% used [0x0000000774f00000,0x0000000775d95c50,0x0000000775e00000)
  to   space 17408K, 0% used [0x000000077bd00000,0x000000077bd00000,0x000000077ce00000)
 ParOldGen       total 103424K, used 10074K [0x00000006c1e00000, 0x00000006c8300000, 0x000000076b500000)
  object space 103424K, 9% used [0x00000006c1e00000,0x00000006c27d6b80,0x00000006c8300000)
 Metaspace       used 34232K, capacity 35464K, committed 35496K, reserved 1079296K
  class space    used 4577K, capacity 4840K, committed 4864K, reserved 1048576K
Event: 6.061 GC heap after
Heap after GC invocations=9 (full 2):
 PSYoungGen      total 173056K, used 0K [0x000000076b500000, 0x000000077ce00000, 0x00000007c0000000)
  eden space 157696K, 0% used [0x000000076b500000,0x000000076b500000,0x0000000774f00000)
  from space 15360K, 0% used [0x0000000774f00000,0x0000000774f00000,0x0000000775e00000)
  to   space 17408K, 0% used [0x000000077bd00000,0x000000077bd00000,0x000000077ce00000)
 ParOldGen       total 158720K, used 23339K [0x00000006c1e00000, 0x00000006cb900000, 0x000000076b500000)
  object space 158720K, 14% used [0x00000006c1e00000,0x00000006c34cad68,0x00000006cb900000)
 Metaspace       used 34232K, capacity 35464K, committed 35496K, reserved 1079296K
  class space    used 4577K, capacity 4840K, committed 4864K, reserved 1048576K
}
Event: 7.028 GC heap before
{Heap before GC invocations=10 (full 2):
 PSYoungGen      total 173056K, used 157696K [0x000000076b500000, 0x000000077ce00000, 0x00000007c0000000)
  eden space 157696K, 100% used [0x000000076b500000,0x0000000774f00000,0x0000000774f00000)
  from space 15360K, 0% used [0x0000000774f00000,0x0000000774f00000,0x0000000775e00000)
  to   space 17408K, 0% used [0x000000077bd00000,0x000000077bd00000,0x000000077ce00000)
 ParOldGen       total 158720K, used 23339K [0x00000006c1e00000, 0x00000006cb900000, 0x000000076b500000)
  object space 158720K, 14% used [0x00000006c1e00000,0x00000006c34cad68,0x00000006cb900000)
 Metaspace       used 39818K, capacity 41414K, committed 41728K, reserved 1085440K
  class space    used 5395K, capacity 5777K, committed 5888K, reserved 1048576K
Event: 7.035 GC heap after
Heap after GC invocations=10 (full 2):
 PSYoungGen      total 244736K, used 8299K [0x000000076b500000, 0x000000077c580000, 0x00000007c0000000)
  eden space 236032K, 0% used [0x000000076b500000,0x000000076b500000,0x0000000779b80000)
  from space 8704K, 95% used [0x000000077bd00000,0x000000077c51ad58,0x000000077c580000)
  to   space 16896K, 0% used [0x000000077a480000,0x000000077a480000,0x000000077b500000)
 ParOldGen       total 158720K, used 23347K [0x00000006c1e00000, 0x00000006cb900000, 0x000000076b500000)
  object space 158720K, 14% used [0x00000006c1e00000,0x00000006c34ccd68,0x00000006cb900000)
 Metaspace       used 39818K, capacity 41414K, committed 41728K, reserved 1085440K
  class space    used 5395K, capacity 5777K, committed 5888K, reserved 1048576K
}
Event: 10.570 GC heap before
{Heap before GC invocations=11 (full 2):
 PSYoungGen      total 244736K, used 244331K [0x000000076b500000, 0x000000077c580000, 0x00000007c0000000)
  eden space 236032K, 100% used [0x000000076b500000,0x0000000779b80000,0x0000000779b80000)
  from space 8704K, 95% used [0x000000077bd00000,0x000000077c51ad58,0x000000077c580000)
  to   space 16896K, 0% used [0x000000077a480000,0x000000077a480000,0x000000077b500000)
 ParOldGen       total 158720K, used 23347K [0x00000006c1e00000, 0x00000006cb900000, 0x000000076b500000)
  object space 158720K, 14% used [0x00000006c1e00000,0x00000006c34ccd68,0x00000006cb900000)
 Metaspace       used 43806K, capacity 45774K, committed 45952K, reserved 1089536K
  class space    used 5967K, capacity 6403K, committed 6528K, reserved 1048576K
Event: 10.580 GC heap after
Heap after GC invocations=11 (full 2):
 PSYoungGen      total 262144K, used 12656K [0x000000076b500000, 0x000000077fb00000, 0x00000007c0000000)
  eden space 245248K, 0% used [0x000000076b500000,0x000000076b500000,0x000000077a480000)
  from space 16896K, 74% used [0x000000077a480000,0x000000077b0dc1f8,0x000000077b500000)
  to   space 17408K, 0% used [0x000000077ea00000,0x000000077ea00000,0x000000077fb00000)
 ParOldGen       total 158720K, used 23355K [0x00000006c1e00000, 0x00000006cb900000, 0x000000076b500000)
  object space 158720K, 14% used [0x00000006c1e00000,0x00000006c34ced68,0x00000006cb900000)
 Metaspace       used 43806K, capacity 45774K, committed 45952K, reserved 1089536K
  class space    used 5967K, capacity 6403K, committed 6528K, reserved 1048576K
}
Event: 11.736 GC heap before
{Heap before GC invocations=12 (full 2):
 PSYoungGen      total 262144K, used 257904K [0x000000076b500000, 0x000000077fb00000, 0x00000007c0000000)
  eden space 245248K, 100% used [0x000000076b500000,0x000000077a480000,0x000000077a480000)
  from space 16896K, 74% used [0x000000077a480000,0x000000077b0dc1f8,0x000000077b500000)
  to   space 17408K, 0% used [0x000000077ea00000,0x000000077ea00000,0x000000077fb00000)
 ParOldGen       total 158720K, used 23355K [0x00000006c1e00000, 0x00000006cb900000, 0x000000076b500000)
  object space 158720K, 14% used [0x00000006c1e00000,0x00000006c34ced68,0x00000006cb900000)
 Metaspace       used 48747K, capacity 51056K, committed 51328K, reserved 1093632K
  class space    used 6730K, capacity 7223K, committed 7296K, reserved 1048576K
Event: 11.751 GC heap after
Heap after GC invocations=12 (full 2):
 PSYoungGen      total 312832K, used 17385K [0x000000076b500000, 0x0000000780f00000, 0x00000007c0000000)
  eden space 295424K, 0% used [0x000000076b500000,0x000000076b500000,0x000000077d580000)
  from space 17408K, 99% used [0x000000077ea00000,0x000000077fafa5b8,0x000000077fb00000)
  to   space 20992K, 0% used [0x000000077d580000,0x000000077d580000,0x000000077ea00000)
 ParOldGen       total 158720K, used 27213K [0x00000006c1e00000, 0x00000006cb900000, 0x000000076b500000)
  object space 158720K, 17% used [0x00000006c1e00000,0x00000006c38937e0,0x00000006cb900000)
 Metaspace       used 48747K, capacity 51056K, committed 51328K, reserved 1093632K
  class space    used 6730K, capacity 7223K, committed 7296K, reserved 1048576K
}

